{"name": "更新用户状态（部门）", "status": "failed", "statusDetails": {"message": "AssertionError: 迁移部门失败\nassert False\n +  where False = click_confirm_button(<selenium.webdriver.chrome.webdriver.WebDriver (session=\"c474c06e3fa7d6f42516c1c72bf628e2\")>)", "trace": "login = <selenium.webdriver.chrome.webdriver.WebDriver (session=\"c474c06e3fa7d6f42516c1c72bf628e2\")>\n\n    @allure.title('更新用户状态（部门）')\n    @allure.story('更新用户状态（部门）')\n    @allure.description('更新用户状态（部门）')\n    def test_upuser(login):\n        driver = login\n    \n        with allure.step(\"步骤1：点击web测试部门\"):\n            assert find_web_dept(driver), \"找不到部门\"\n    \n        with allure.step(\"步骤2：点击新添加的用户，修改部门\"):\n            assert click_add_user(driver), \"点击用户失败\"\n    \n        with allure.step(\"步骤3：迁移至部门\"):\n>           assert click_confirm_button(driver), \"迁移部门失败\"\nE           AssertionError: 迁移部门失败\nE           assert False\nE            +  where False = click_confirm_button(<selenium.webdriver.chrome.webdriver.WebDriver (session=\"c474c06e3fa7d6f42516c1c72bf628e2\")>)\n\ntests\\test_orguser\\test_upuser.py:88: AssertionError"}, "description": "更新用户状态（部门）", "steps": [{"name": "步骤1：点击web测试部门", "status": "passed", "steps": [{"name": "找到web测试部门并点击", "status": "passed", "parameters": [{"name": "driver", "value": "<selenium.webdriver.chrome.webdriver.WebDriver (session=\"c474c06e3fa7d6f42516c1c72bf628e2\")>"}, {"name": "timeout", "value": "10"}], "start": 1749458134931, "stop": 1749458137115}], "start": 1749458134931, "stop": 1749458137115}, {"name": "步骤2：点击新添加的用户，修改部门", "status": "passed", "steps": [{"name": "点击新添加的用户，修改部门", "status": "passed", "parameters": [{"name": "driver", "value": "<selenium.webdriver.chrome.webdriver.WebDriver (session=\"c474c06e3fa7d6f42516c1c72bf628e2\")>"}, {"name": "timeout", "value": "10"}], "start": 1749458137115, "stop": 1749458138401}], "start": 1749458137115, "stop": 1749458138401}, {"name": "步骤3：迁移至部门", "status": "failed", "statusDetails": {"message": "AssertionError: 迁移部门失败\nassert False\n +  where False = click_confirm_button(<selenium.webdriver.chrome.webdriver.WebDriver (session=\"c474c06e3fa7d6f42516c1c72bf628e2\")>)\n", "trace": "  File \"D:\\WebTest\\snow\\tests\\test_orguser\\test_upuser.py\", line 88, in test_upuser\n    assert click_confirm_button(driver), \"迁移部门失败\"\n"}, "steps": [{"name": "迁移至部门", "status": "passed", "attachments": [{"name": "迁移部门失败", "source": "30006ee5-fd55-49ae-844c-2c399b59d575-attachment.png", "type": "image/png"}], "parameters": [{"name": "driver", "value": "<selenium.webdriver.chrome.webdriver.WebDriver (session=\"c474c06e3fa7d6f42516c1c72bf628e2\")>"}, {"name": "timeout", "value": "10"}], "start": 1749458138402, "stop": 1749458139660}], "start": 1749458138401, "stop": 1749458139660}], "attachments": [{"name": "stdout", "source": "87e57873-a897-4fc0-a107-72c789bbc868-attachment.txt", "type": "text/plain"}], "start": 1749458134931, "stop": 1749458139663, "uuid": "6ec8e362-d16d-49b6-8e4d-f17bf2d3297a", "historyId": "284f07595cff93356ac54bd77702fd77", "testCaseId": "284f07595cff93356ac54bd77702fd77", "fullName": "tests.test_orguser.test_upuser#test_upuser", "labels": [{"name": "story", "value": "更新用户状态（部门）"}, {"name": "parentSuite", "value": "tests.test_orguser"}, {"name": "suite", "value": "test_upuser"}, {"name": "host", "value": "DESKTOP-DMNLNRR"}, {"name": "thread", "value": "26344-MainThread"}, {"name": "framework", "value": "pytest"}, {"name": "language", "value": "cpython3"}, {"name": "package", "value": "tests.test_orguser.test_upuser"}]}