{"uid":"4c9ceff55efe1887","name":"测试用户添加流程","fullName":"tests.test_orguser.test_user#test_user","historyId":"2bc5c0be20d0cd47b2f8ae6a29fe13be","time":{"start":1748938185536,"stop":1748938196143,"duration":10607},"description":"测试用户添加功能","descriptionHtml":"<p>测试用户添加功能</p>\n","status":"broken","statusMessage":"selenium.common.exceptions.TimeoutException: Message: \nStacktrace:\n\tGetHandleVerifier [0x00007FF6E7EACF25+75717]\n\tGetHandleVerifier [0x00007FF6E7EACF80+75808]\n\t(No symbol) [0x00007FF6E7C78F9A]\n\t(No symbol) [0x00007FF6E7CCF4C6]\n\t(No symbol) [0x00007FF6E7CCF77C]\n\t(No symbol) [0x00007FF6E7D22577]\n\t(No symbol) [0x00007FF6E7CF73BF]\n\t(No symbol) [0x00007FF6E7D1F39C]\n\t(No symbol) [0x00007FF6E7CF7153]\n\t(No symbol) [0x00007FF6E7CC0421]\n\t(No symbol) [0x00007FF6E7CC11B3]\n\tGetHandleVerifier [0x00007FF6E81AD6FD+3223453]\n\tGetHandleVerifier [0x00007FF6E81A7CA2+3200322]\n\tGetHandleVerifier [0x00007FF6E81C5AD3+3322739]\n\tGetHandleVerifier [0x00007FF6E7EC69FA+180890]\n\tGetHandleVerifier [0x00007FF6E7ECE0FF+211359]\n\tGetHandleVerifier [0x00007FF6E7EB5274+109332]\n\tGetHandleVerifier [0x00007FF6E7EB5422+109762]\n\tGetHandleVerifier [0x00007FF6E7E9BA39+4825]\n\tBaseThreadInitThunk [0x00007FFA8567E8D7+23]\n\tRtlUserThreadStart [0x00007FFA86D7C5DC+44]","statusTrace":"login = <selenium.webdriver.chrome.webdriver.WebDriver (session=\"d8143d4259687990450538ac4a4d6893\")>\n\n    @allure.story(\"用户管理 - 用户添加\")\n    @allure.title(\"测试用户添加流程\")\n    @allure.description(\"测试用户添加功能\")\n    def test_user(login):\n        driver = login\n        department_name = \"web测试部门99\"  # 假设这是从部门添加测试中获取的部门名称\n    \n        with allure.step(\"步骤1：进入动态生成的部门\"):\n>           find_dynamic_dept(driver, department_name)\n\ntest_user.py:101: \n_ _ _ _ _ _ _ _ _ _ _ _ _ _ _ _ _ _ _ _ _ _ _ _ _ _ _ _ _ _ _ _ _ _ _ _ _ _ _ _ _ _ _ _ _ _ _ _ _ _ _ _ _ _ _ _ _ _ _ _ _ _ _ _ _ _ _ _ _ _ _ _ _ _ _ _ _ _ _ _ _ _ _ _ _ _ _ _ _ _ _ _ _ _ _ _ _ _ _ _ _ _\ntest_user.py:11: in find_dynamic_dept\n    click_element(driver,\nconftest.py:83: in click_element\n    element = WebDriverWait(driver, 10).until(\n_ _ _ _ _ _ _ _ _ _ _ _ _ _ _ _ _ _ _ _ _ _ _ _ _ _ _ _ _ _ _ _ _ _ _ _ _ _ _ _ _ _ _ _ _ _ _ _ _ _ _ _ _ _ _ _ _ _ _ _ _ _ _ _ _ _ _ _ _ _ _ _ _ _ _ _ _ _ _ _ _ _ _ _ _ _ _ _ _ _ _ _ _ _ _ _ _ _ _ _ _ _\n\nself = <selenium.webdriver.support.wait.WebDriverWait (session=\"d8143d4259687990450538ac4a4d6893\")>, method = <function element_to_be_clickable.<locals>._predicate at 0x000002360023CAE0>, message = ''\n\n    def until(self, method: Callable[[D], Union[Literal[False], T]], message: str = \"\") -> T:\n        \"\"\"Wait until the method returns a value that is not False.\n    \n        Calls the method provided with the driver as an argument until the\n        return value does not evaluate to ``False``.\n    \n        Parameters:\n        -----------\n        method: callable(WebDriver)\n            - A callable object that takes a WebDriver instance as an argument.\n    \n        message: str\n            - Optional message for :exc:`TimeoutException`\n    \n        Return:\n        -------\n        object: T\n            - The result of the last call to `method`\n    \n        Raises:\n        -------\n        TimeoutException\n            - If 'method' does not return a truthy value within the WebDriverWait\n            object's timeout\n    \n        Example:\n        --------\n        >>> from selenium.webdriver.common.by import By\n        >>> from selenium.webdriver.support.ui import WebDriverWait\n        >>> from selenium.webdriver.support import expected_conditions as EC\n    \n        # Wait until an element is visible on the page\n        >>> wait = WebDriverWait(driver, 10)\n        >>> element = wait.until(EC.visibility_of_element_located((By.ID, \"exampleId\")))\n        >>> print(element.text)\n        \"\"\"\n        screen = None\n        stacktrace = None\n    \n        end_time = time.monotonic() + self._timeout\n        while True:\n            try:\n                value = method(self._driver)\n                if value:\n                    return value\n            except self._ignored_exceptions as exc:\n                screen = getattr(exc, \"screen\", None)\n                stacktrace = getattr(exc, \"stacktrace\", None)\n            if time.monotonic() > end_time:\n                break\n            time.sleep(self._poll)\n>       raise TimeoutException(message, screen, stacktrace)\nE       selenium.common.exceptions.TimeoutException: Message: \nE       Stacktrace:\nE       \tGetHandleVerifier [0x00007FF6E7EACF25+75717]\nE       \tGetHandleVerifier [0x00007FF6E7EACF80+75808]\nE       \t(No symbol) [0x00007FF6E7C78F9A]\nE       \t(No symbol) [0x00007FF6E7CCF4C6]\nE       \t(No symbol) [0x00007FF6E7CCF77C]\nE       \t(No symbol) [0x00007FF6E7D22577]\nE       \t(No symbol) [0x00007FF6E7CF73BF]\nE       \t(No symbol) [0x00007FF6E7D1F39C]\nE       \t(No symbol) [0x00007FF6E7CF7153]\nE       \t(No symbol) [0x00007FF6E7CC0421]\nE       \t(No symbol) [0x00007FF6E7CC11B3]\nE       \tGetHandleVerifier [0x00007FF6E81AD6FD+3223453]\nE       \tGetHandleVerifier [0x00007FF6E81A7CA2+3200322]\nE       \tGetHandleVerifier [0x00007FF6E81C5AD3+3322739]\nE       \tGetHandleVerifier [0x00007FF6E7EC69FA+180890]\nE       \tGetHandleVerifier [0x00007FF6E7ECE0FF+211359]\nE       \tGetHandleVerifier [0x00007FF6E7EB5274+109332]\nE       \tGetHandleVerifier [0x00007FF6E7EB5422+109762]\nE       \tGetHandleVerifier [0x00007FF6E7E9BA39+4825]\nE       \tBaseThreadInitThunk [0x00007FFA8567E8D7+23]\nE       \tRtlUserThreadStart [0x00007FFA86D7C5DC+44]\n\nD:\\Web\\.venv\\Lib\\site-packages\\selenium\\webdriver\\support\\wait.py:138: TimeoutException","flaky":false,"newFailed":false,"newBroken":false,"newPassed":false,"retriesCount":0,"retriesStatusChange":false,"beforeStages":[{"name":"_session_faker","time":{"start":1748938161590,"stop":1748938161669,"duration":79},"status":"passed","steps":[],"attachments":[],"parameters":[],"shouldDisplayMessage":false,"attachmentsCount":0,"attachmentStep":false,"stepsCount":0,"hasContent":false},{"name":"driver","time":{"start":1748938182516,"stop":1748938183913,"duration":1397},"status":"passed","steps":[],"attachments":[],"parameters":[],"shouldDisplayMessage":false,"attachmentsCount":0,"attachmentStep":false,"stepsCount":0,"hasContent":false},{"name":"login","time":{"start":1748938183913,"stop":1748938185535,"duration":1622},"status":"passed","steps":[],"attachments":[],"parameters":[],"shouldDisplayMessage":false,"attachmentsCount":0,"attachmentStep":false,"stepsCount":0,"hasContent":false},{"name":"driver","time":{"start":1748938198625,"stop":1748938200064,"duration":1439},"status":"passed","steps":[],"attachments":[],"parameters":[],"shouldDisplayMessage":false,"attachmentsCount":0,"attachmentStep":false,"stepsCount":0,"hasContent":false},{"name":"login","time":{"start":1748938200065,"stop":1748938201758,"duration":1693},"status":"passed","steps":[],"attachments":[],"parameters":[],"shouldDisplayMessage":false,"attachmentsCount":0,"attachmentStep":false,"stepsCount":0,"hasContent":false}],"testStage":{"description":"测试用户添加功能","status":"broken","statusMessage":"selenium.common.exceptions.TimeoutException: Message: \nStacktrace:\n\tGetHandleVerifier [0x00007FF6E7EACF25+75717]\n\tGetHandleVerifier [0x00007FF6E7EACF80+75808]\n\t(No symbol) [0x00007FF6E7C78F9A]\n\t(No symbol) [0x00007FF6E7CCF4C6]\n\t(No symbol) [0x00007FF6E7CCF77C]\n\t(No symbol) [0x00007FF6E7D22577]\n\t(No symbol) [0x00007FF6E7CF73BF]\n\t(No symbol) [0x00007FF6E7D1F39C]\n\t(No symbol) [0x00007FF6E7CF7153]\n\t(No symbol) [0x00007FF6E7CC0421]\n\t(No symbol) [0x00007FF6E7CC11B3]\n\tGetHandleVerifier [0x00007FF6E81AD6FD+3223453]\n\tGetHandleVerifier [0x00007FF6E81A7CA2+3200322]\n\tGetHandleVerifier [0x00007FF6E81C5AD3+3322739]\n\tGetHandleVerifier [0x00007FF6E7EC69FA+180890]\n\tGetHandleVerifier [0x00007FF6E7ECE0FF+211359]\n\tGetHandleVerifier [0x00007FF6E7EB5274+109332]\n\tGetHandleVerifier [0x00007FF6E7EB5422+109762]\n\tGetHandleVerifier [0x00007FF6E7E9BA39+4825]\n\tBaseThreadInitThunk [0x00007FFA8567E8D7+23]\n\tRtlUserThreadStart [0x00007FFA86D7C5DC+44]","statusTrace":"login = <selenium.webdriver.chrome.webdriver.WebDriver (session=\"d8143d4259687990450538ac4a4d6893\")>\n\n    @allure.story(\"用户管理 - 用户添加\")\n    @allure.title(\"测试用户添加流程\")\n    @allure.description(\"测试用户添加功能\")\n    def test_user(login):\n        driver = login\n        department_name = \"web测试部门99\"  # 假设这是从部门添加测试中获取的部门名称\n    \n        with allure.step(\"步骤1：进入动态生成的部门\"):\n>           find_dynamic_dept(driver, department_name)\n\ntest_user.py:101: \n_ _ _ _ _ _ _ _ _ _ _ _ _ _ _ _ _ _ _ _ _ _ _ _ _ _ _ _ _ _ _ _ _ _ _ _ _ _ _ _ _ _ _ _ _ _ _ _ _ _ _ _ _ _ _ _ _ _ _ _ _ _ _ _ _ _ _ _ _ _ _ _ _ _ _ _ _ _ _ _ _ _ _ _ _ _ _ _ _ _ _ _ _ _ _ _ _ _ _ _ _ _\ntest_user.py:11: in find_dynamic_dept\n    click_element(driver,\nconftest.py:83: in click_element\n    element = WebDriverWait(driver, 10).until(\n_ _ _ _ _ _ _ _ _ _ _ _ _ _ _ _ _ _ _ _ _ _ _ _ _ _ _ _ _ _ _ _ _ _ _ _ _ _ _ _ _ _ _ _ _ _ _ _ _ _ _ _ _ _ _ _ _ _ _ _ _ _ _ _ _ _ _ _ _ _ _ _ _ _ _ _ _ _ _ _ _ _ _ _ _ _ _ _ _ _ _ _ _ _ _ _ _ _ _ _ _ _\n\nself = <selenium.webdriver.support.wait.WebDriverWait (session=\"d8143d4259687990450538ac4a4d6893\")>, method = <function element_to_be_clickable.<locals>._predicate at 0x000002360023CAE0>, message = ''\n\n    def until(self, method: Callable[[D], Union[Literal[False], T]], message: str = \"\") -> T:\n        \"\"\"Wait until the method returns a value that is not False.\n    \n        Calls the method provided with the driver as an argument until the\n        return value does not evaluate to ``False``.\n    \n        Parameters:\n        -----------\n        method: callable(WebDriver)\n            - A callable object that takes a WebDriver instance as an argument.\n    \n        message: str\n            - Optional message for :exc:`TimeoutException`\n    \n        Return:\n        -------\n        object: T\n            - The result of the last call to `method`\n    \n        Raises:\n        -------\n        TimeoutException\n            - If 'method' does not return a truthy value within the WebDriverWait\n            object's timeout\n    \n        Example:\n        --------\n        >>> from selenium.webdriver.common.by import By\n        >>> from selenium.webdriver.support.ui import WebDriverWait\n        >>> from selenium.webdriver.support import expected_conditions as EC\n    \n        # Wait until an element is visible on the page\n        >>> wait = WebDriverWait(driver, 10)\n        >>> element = wait.until(EC.visibility_of_element_located((By.ID, \"exampleId\")))\n        >>> print(element.text)\n        \"\"\"\n        screen = None\n        stacktrace = None\n    \n        end_time = time.monotonic() + self._timeout\n        while True:\n            try:\n                value = method(self._driver)\n                if value:\n                    return value\n            except self._ignored_exceptions as exc:\n                screen = getattr(exc, \"screen\", None)\n                stacktrace = getattr(exc, \"stacktrace\", None)\n            if time.monotonic() > end_time:\n                break\n            time.sleep(self._poll)\n>       raise TimeoutException(message, screen, stacktrace)\nE       selenium.common.exceptions.TimeoutException: Message: \nE       Stacktrace:\nE       \tGetHandleVerifier [0x00007FF6E7EACF25+75717]\nE       \tGetHandleVerifier [0x00007FF6E7EACF80+75808]\nE       \t(No symbol) [0x00007FF6E7C78F9A]\nE       \t(No symbol) [0x00007FF6E7CCF4C6]\nE       \t(No symbol) [0x00007FF6E7CCF77C]\nE       \t(No symbol) [0x00007FF6E7D22577]\nE       \t(No symbol) [0x00007FF6E7CF73BF]\nE       \t(No symbol) [0x00007FF6E7D1F39C]\nE       \t(No symbol) [0x00007FF6E7CF7153]\nE       \t(No symbol) [0x00007FF6E7CC0421]\nE       \t(No symbol) [0x00007FF6E7CC11B3]\nE       \tGetHandleVerifier [0x00007FF6E81AD6FD+3223453]\nE       \tGetHandleVerifier [0x00007FF6E81A7CA2+3200322]\nE       \tGetHandleVerifier [0x00007FF6E81C5AD3+3322739]\nE       \tGetHandleVerifier [0x00007FF6E7EC69FA+180890]\nE       \tGetHandleVerifier [0x00007FF6E7ECE0FF+211359]\nE       \tGetHandleVerifier [0x00007FF6E7EB5274+109332]\nE       \tGetHandleVerifier [0x00007FF6E7EB5422+109762]\nE       \tGetHandleVerifier [0x00007FF6E7E9BA39+4825]\nE       \tBaseThreadInitThunk [0x00007FFA8567E8D7+23]\nE       \tRtlUserThreadStart [0x00007FFA86D7C5DC+44]\n\nD:\\Web\\.venv\\Lib\\site-packages\\selenium\\webdriver\\support\\wait.py:138: TimeoutException","steps":[{"name":"步骤1：进入动态生成的部门","time":{"start":1748938185536,"stop":1748938196142,"duration":10606},"status":"broken","statusMessage":"selenium.common.exceptions.TimeoutException: Message: \nStacktrace:\n\tGetHandleVerifier [0x00007FF6E7EACF25+75717]\n\tGetHandleVerifier [0x00007FF6E7EACF80+75808]\n\t(No symbol) [0x00007FF6E7C78F9A]\n\t(No symbol) [0x00007FF6E7CCF4C6]\n\t(No symbol) [0x00007FF6E7CCF77C]\n\t(No symbol) [0x00007FF6E7D22577]\n\t(No symbol) [0x00007FF6E7CF73BF]\n\t(No symbol) [0x00007FF6E7D1F39C]\n\t(No symbol) [0x00007FF6E7CF7153]\n\t(No symbol) [0x00007FF6E7CC0421]\n\t(No symbol) [0x00007FF6E7CC11B3]\n\tGetHandleVerifier [0x00007FF6E81AD6FD+3223453]\n\tGetHandleVerifier [0x00007FF6E81A7CA2+3200322]\n\tGetHandleVerifier [0x00007FF6E81C5AD3+3322739]\n\tGetHandleVerifier [0x00007FF6E7EC69FA+180890]\n\tGetHandleVerifier [0x00007FF6E7ECE0FF+211359]\n\tGetHandleVerifier [0x00007FF6E7EB5274+109332]\n\tGetHandleVerifier [0x00007FF6E7EB5422+109762]\n\tGetHandleVerifier [0x00007FF6E7E9BA39+4825]\n\tBaseThreadInitThunk [0x00007FFA8567E8D7+23]\n\tRtlUserThreadStart [0x00007FFA86D7C5DC+44]\n\n","statusTrace":"  File \"D:\\WebTest\\snow\\tests\\test_orguser\\test_user.py\", line 101, in test_user\n    find_dynamic_dept(driver, department_name)\n    ~~~~~~~~~~~~~~~~~^^^^^^^^^^^^^^^^^^^^^^^^^\n  File \"D:\\Web\\.venv\\Lib\\site-packages\\allure_commons\\_allure.py\", line 202, in impl\n    return func(*a, **kw)\n  File \"D:\\WebTest\\snow\\tests\\test_orguser\\test_user.py\", line 11, in find_dynamic_dept\n    click_element(driver,\n    ~~~~~~~~~~~~~^^^^^^^^\n                  xpath=f\"//*[@id='root']/section/section/section/main/div/div/div[1]/aside/div[1]/div[2]/div/div[2]/div/div[1]/span[3]/span[contains(text(), '{department_name}')]\",\n                  ^^^^^^^^^^^^^^^^^^^^^^^^^^^^^^^^^^^^^^^^^^^^^^^^^^^^^^^^^^^^^^^^^^^^^^^^^^^^^^^^^^^^^^^^^^^^^^^^^^^^^^^^^^^^^^^^^^^^^^^^^^^^^^^^^^^^^^^^^^^^^^^^^^^^^^^^^^^^^^^^^^^\n                  step_name=\"找到动态生成的部门并点击\")\n                  ^^^^^^^^^^^^^^^^^^^^^^^^^^^^^^^^^^^^^\n  File \"D:\\WebTest\\snow\\tests\\test_orguser\\conftest.py\", line 83, in click_element\n    element = WebDriverWait(driver, 10).until(\n        EC.element_to_be_clickable((By.XPATH, xpath))\n    )\n  File \"D:\\Web\\.venv\\Lib\\site-packages\\selenium\\webdriver\\support\\wait.py\", line 138, in until\n    raise TimeoutException(message, screen, stacktrace)\n","steps":[{"name":"找到动态生成的部门并点击","time":{"start":1748938185536,"stop":1748938196140,"duration":10604},"status":"broken","statusMessage":"selenium.common.exceptions.TimeoutException: Message: \nStacktrace:\n\tGetHandleVerifier [0x00007FF6E7EACF25+75717]\n\tGetHandleVerifier [0x00007FF6E7EACF80+75808]\n\t(No symbol) [0x00007FF6E7C78F9A]\n\t(No symbol) [0x00007FF6E7CCF4C6]\n\t(No symbol) [0x00007FF6E7CCF77C]\n\t(No symbol) [0x00007FF6E7D22577]\n\t(No symbol) [0x00007FF6E7CF73BF]\n\t(No symbol) [0x00007FF6E7D1F39C]\n\t(No symbol) [0x00007FF6E7CF7153]\n\t(No symbol) [0x00007FF6E7CC0421]\n\t(No symbol) [0x00007FF6E7CC11B3]\n\tGetHandleVerifier [0x00007FF6E81AD6FD+3223453]\n\tGetHandleVerifier [0x00007FF6E81A7CA2+3200322]\n\tGetHandleVerifier [0x00007FF6E81C5AD3+3322739]\n\tGetHandleVerifier [0x00007FF6E7EC69FA+180890]\n\tGetHandleVerifier [0x00007FF6E7ECE0FF+211359]\n\tGetHandleVerifier [0x00007FF6E7EB5274+109332]\n\tGetHandleVerifier [0x00007FF6E7EB5422+109762]\n\tGetHandleVerifier [0x00007FF6E7E9BA39+4825]\n\tBaseThreadInitThunk [0x00007FFA8567E8D7+23]\n\tRtlUserThreadStart [0x00007FFA86D7C5DC+44]\n\n","statusTrace":"  File \"D:\\Web\\.venv\\Lib\\site-packages\\allure_commons\\_allure.py\", line 202, in impl\n    return func(*a, **kw)\n  File \"D:\\WebTest\\snow\\tests\\test_orguser\\test_user.py\", line 11, in find_dynamic_dept\n    click_element(driver,\n    ~~~~~~~~~~~~~^^^^^^^^\n                  xpath=f\"//*[@id='root']/section/section/section/main/div/div/div[1]/aside/div[1]/div[2]/div/div[2]/div/div[1]/span[3]/span[contains(text(), '{department_name}')]\",\n                  ^^^^^^^^^^^^^^^^^^^^^^^^^^^^^^^^^^^^^^^^^^^^^^^^^^^^^^^^^^^^^^^^^^^^^^^^^^^^^^^^^^^^^^^^^^^^^^^^^^^^^^^^^^^^^^^^^^^^^^^^^^^^^^^^^^^^^^^^^^^^^^^^^^^^^^^^^^^^^^^^^^^\n                  step_name=\"找到动态生成的部门并点击\")\n                  ^^^^^^^^^^^^^^^^^^^^^^^^^^^^^^^^^^^^^\n  File \"D:\\WebTest\\snow\\tests\\test_orguser\\conftest.py\", line 83, in click_element\n    element = WebDriverWait(driver, 10).until(\n        EC.element_to_be_clickable((By.XPATH, xpath))\n    )\n  File \"D:\\Web\\.venv\\Lib\\site-packages\\selenium\\webdriver\\support\\wait.py\", line 138, in until\n    raise TimeoutException(message, screen, stacktrace)\n","steps":[{"name":"找到动态生成的部门并点击","time":{"start":1748938185536,"stop":1748938196138,"duration":10602},"status":"broken","statusMessage":"selenium.common.exceptions.TimeoutException: Message: \nStacktrace:\n\tGetHandleVerifier [0x00007FF6E7EACF25+75717]\n\tGetHandleVerifier [0x00007FF6E7EACF80+75808]\n\t(No symbol) [0x00007FF6E7C78F9A]\n\t(No symbol) [0x00007FF6E7CCF4C6]\n\t(No symbol) [0x00007FF6E7CCF77C]\n\t(No symbol) [0x00007FF6E7D22577]\n\t(No symbol) [0x00007FF6E7CF73BF]\n\t(No symbol) [0x00007FF6E7D1F39C]\n\t(No symbol) [0x00007FF6E7CF7153]\n\t(No symbol) [0x00007FF6E7CC0421]\n\t(No symbol) [0x00007FF6E7CC11B3]\n\tGetHandleVerifier [0x00007FF6E81AD6FD+3223453]\n\tGetHandleVerifier [0x00007FF6E81A7CA2+3200322]\n\tGetHandleVerifier [0x00007FF6E81C5AD3+3322739]\n\tGetHandleVerifier [0x00007FF6E7EC69FA+180890]\n\tGetHandleVerifier [0x00007FF6E7ECE0FF+211359]\n\tGetHandleVerifier [0x00007FF6E7EB5274+109332]\n\tGetHandleVerifier [0x00007FF6E7EB5422+109762]\n\tGetHandleVerifier [0x00007FF6E7E9BA39+4825]\n\tBaseThreadInitThunk [0x00007FFA8567E8D7+23]\n\tRtlUserThreadStart [0x00007FFA86D7C5DC+44]\n\n","statusTrace":"  File \"D:\\WebTest\\snow\\tests\\test_orguser\\conftest.py\", line 83, in click_element\n    element = WebDriverWait(driver, 10).until(\n        EC.element_to_be_clickable((By.XPATH, xpath))\n    )\n  File \"D:\\Web\\.venv\\Lib\\site-packages\\selenium\\webdriver\\support\\wait.py\", line 138, in until\n    raise TimeoutException(message, screen, stacktrace)\n","steps":[],"attachments":[{"uid":"df3dfe6ee160b6cf","name":"找到动态生成的部门并点击_超时","source":"df3dfe6ee160b6cf.png","type":"image/png","size":58324}],"parameters":[],"shouldDisplayMessage":true,"attachmentsCount":1,"attachmentStep":false,"stepsCount":0,"hasContent":true}],"attachments":[],"parameters":[{"name":"driver","value":"<selenium.webdriver.chrome.webdriver.WebDriver (session=\"d8143d4259687990450538ac4a4d6893\")>"},{"name":"department_name","value":"'web测试部门99'"}],"shouldDisplayMessage":false,"attachmentsCount":1,"attachmentStep":false,"stepsCount":1,"hasContent":true}],"attachments":[],"parameters":[],"shouldDisplayMessage":false,"attachmentsCount":1,"attachmentStep":false,"stepsCount":2,"hasContent":true}],"attachments":[],"parameters":[],"shouldDisplayMessage":true,"attachmentsCount":1,"attachmentStep":false,"stepsCount":3,"hasContent":true},"afterStages":[{"name":"driver::0","time":{"start":1748938196294,"stop":1748938198615,"duration":2321},"status":"passed","steps":[],"attachments":[],"parameters":[],"shouldDisplayMessage":false,"attachmentsCount":0,"attachmentStep":false,"stepsCount":0,"hasContent":false},{"name":"driver::0","time":{"start":1748938213883,"stop":1748938216101,"duration":2218},"status":"passed","steps":[],"attachments":[],"parameters":[],"shouldDisplayMessage":false,"attachmentsCount":0,"attachmentStep":false,"stepsCount":0,"hasContent":false}],"labels":[{"name":"story","value":"用户管理 - 用户添加"},{"name":"parentSuite","value":"tests.test_orguser"},{"name":"suite","value":"test_user"},{"name":"host","value":"DESKTOP-DMNLNRR"},{"name":"thread","value":"18692-MainThread"},{"name":"framework","value":"pytest"},{"name":"language","value":"cpython3"},{"name":"package","value":"tests.test_orguser.test_user"},{"name":"resultFormat","value":"allure2"}],"parameters":[],"links":[],"hidden":true,"retry":true,"extra":{"categories":[],"tags":[]},"source":"4c9ceff55efe1887.json","parameterValues":[]}