{"uid":"64d3890d4a38e27e","name":"测试用户添加流程","fullName":"tests.test_orguser.test_user#test_user","historyId":"2bc5c0be20d0cd47b2f8ae6a29fe13be","time":{"start":1748935486352,"stop":1748935496729,"duration":10377},"description":"测试用户添加功能","descriptionHtml":"<p>测试用户添加功能</p>\n","status":"broken","statusMessage":"selenium.common.exceptions.TimeoutException: Message: \nStacktrace:\n\tGetHandleVerifier [0x00007FF6E7EACF25+75717]\n\tGetHandleVerifier [0x00007FF6E7EACF80+75808]\n\t(No symbol) [0x00007FF6E7C78F9A]\n\t(No symbol) [0x00007FF6E7CCF4C6]\n\t(No symbol) [0x00007FF6E7CCF77C]\n\t(No symbol) [0x00007FF6E7D22577]\n\t(No symbol) [0x00007FF6E7CF73BF]\n\t(No symbol) [0x00007FF6E7D1F39C]\n\t(No symbol) [0x00007FF6E7CF7153]\n\t(No symbol) [0x00007FF6E7CC0421]\n\t(No symbol) [0x00007FF6E7CC11B3]\n\tGetHandleVerifier [0x00007FF6E81AD6FD+3223453]\n\tGetHandleVerifier [0x00007FF6E81A7CA2+3200322]\n\tGetHandleVerifier [0x00007FF6E81C5AD3+3322739]\n\tGetHandleVerifier [0x00007FF6E7EC69FA+180890]\n\tGetHandleVerifier [0x00007FF6E7ECE0FF+211359]\n\tGetHandleVerifier [0x00007FF6E7EB5274+109332]\n\tGetHandleVerifier [0x00007FF6E7EB5422+109762]\n\tGetHandleVerifier [0x00007FF6E7E9BA39+4825]\n\tBaseThreadInitThunk [0x00007FFA8567E8D7+23]\n\tRtlUserThreadStart [0x00007FFA86D7C5DC+44]","statusTrace":"login = <selenium.webdriver.chrome.webdriver.WebDriver (session=\"45d83952aefd5c110053c1548f49d06d\")>, shared_data = {'last_department': 'web测试部门-y7m6tj'}\n\n    @allure.story(\"用户管理 - 用户添加\")\n    @allure.title(\"测试用户添加流程\")\n    @allure.description(\"测试用户添加功能\")\n    def test_user(login, shared_data):\n        driver = login\n        dept_name = shared_data.get(\"last_department\")\n    \n        with allure.step(f\"步骤1：进入 {dept_name} 部门\"):\n>           find_web_dept(driver, dept_name)\n\ntest_user.py:113: \n_ _ _ _ _ _ _ _ _ _ _ _ _ _ _ _ _ _ _ _ _ _ _ _ _ _ _ _ _ _ _ _ _ _ _ _ _ _ _ _ _ _ _ _ _ _ _ _ _ _ _ _ _ _ _ _ _ _ _ _ _ _ _ _ _ _ _ _ _ _ _ _ _ _ _ _ _ _ _ _ _ _ _ _ _ _ _ _ _ _ _ _ _ _ _ _ _ _ _ _ _ _\ntest_user.py:13: in find_web_dept\n    element = WebDriverWait(driver, 10).until(\n_ _ _ _ _ _ _ _ _ _ _ _ _ _ _ _ _ _ _ _ _ _ _ _ _ _ _ _ _ _ _ _ _ _ _ _ _ _ _ _ _ _ _ _ _ _ _ _ _ _ _ _ _ _ _ _ _ _ _ _ _ _ _ _ _ _ _ _ _ _ _ _ _ _ _ _ _ _ _ _ _ _ _ _ _ _ _ _ _ _ _ _ _ _ _ _ _ _ _ _ _ _\n\nself = <selenium.webdriver.support.wait.WebDriverWait (session=\"45d83952aefd5c110053c1548f49d06d\")>, method = <function element_to_be_clickable.<locals>._predicate at 0x0000021145084400>, message = ''\n\n    def until(self, method: Callable[[D], Union[Literal[False], T]], message: str = \"\") -> T:\n        \"\"\"Wait until the method returns a value that is not False.\n    \n        Calls the method provided with the driver as an argument until the\n        return value does not evaluate to ``False``.\n    \n        Parameters:\n        -----------\n        method: callable(WebDriver)\n            - A callable object that takes a WebDriver instance as an argument.\n    \n        message: str\n            - Optional message for :exc:`TimeoutException`\n    \n        Return:\n        -------\n        object: T\n            - The result of the last call to `method`\n    \n        Raises:\n        -------\n        TimeoutException\n            - If 'method' does not return a truthy value within the WebDriverWait\n            object's timeout\n    \n        Example:\n        --------\n        >>> from selenium.webdriver.common.by import By\n        >>> from selenium.webdriver.support.ui import WebDriverWait\n        >>> from selenium.webdriver.support import expected_conditions as EC\n    \n        # Wait until an element is visible on the page\n        >>> wait = WebDriverWait(driver, 10)\n        >>> element = wait.until(EC.visibility_of_element_located((By.ID, \"exampleId\")))\n        >>> print(element.text)\n        \"\"\"\n        screen = None\n        stacktrace = None\n    \n        end_time = time.monotonic() + self._timeout\n        while True:\n            try:\n                value = method(self._driver)\n                if value:\n                    return value\n            except self._ignored_exceptions as exc:\n                screen = getattr(exc, \"screen\", None)\n                stacktrace = getattr(exc, \"stacktrace\", None)\n            if time.monotonic() > end_time:\n                break\n            time.sleep(self._poll)\n>       raise TimeoutException(message, screen, stacktrace)\nE       selenium.common.exceptions.TimeoutException: Message: \nE       Stacktrace:\nE       \tGetHandleVerifier [0x00007FF6E7EACF25+75717]\nE       \tGetHandleVerifier [0x00007FF6E7EACF80+75808]\nE       \t(No symbol) [0x00007FF6E7C78F9A]\nE       \t(No symbol) [0x00007FF6E7CCF4C6]\nE       \t(No symbol) [0x00007FF6E7CCF77C]\nE       \t(No symbol) [0x00007FF6E7D22577]\nE       \t(No symbol) [0x00007FF6E7CF73BF]\nE       \t(No symbol) [0x00007FF6E7D1F39C]\nE       \t(No symbol) [0x00007FF6E7CF7153]\nE       \t(No symbol) [0x00007FF6E7CC0421]\nE       \t(No symbol) [0x00007FF6E7CC11B3]\nE       \tGetHandleVerifier [0x00007FF6E81AD6FD+3223453]\nE       \tGetHandleVerifier [0x00007FF6E81A7CA2+3200322]\nE       \tGetHandleVerifier [0x00007FF6E81C5AD3+3322739]\nE       \tGetHandleVerifier [0x00007FF6E7EC69FA+180890]\nE       \tGetHandleVerifier [0x00007FF6E7ECE0FF+211359]\nE       \tGetHandleVerifier [0x00007FF6E7EB5274+109332]\nE       \tGetHandleVerifier [0x00007FF6E7EB5422+109762]\nE       \tGetHandleVerifier [0x00007FF6E7E9BA39+4825]\nE       \tBaseThreadInitThunk [0x00007FFA8567E8D7+23]\nE       \tRtlUserThreadStart [0x00007FFA86D7C5DC+44]\n\nD:\\Web\\.venv\\Lib\\site-packages\\selenium\\webdriver\\support\\wait.py:138: TimeoutException","flaky":false,"newFailed":false,"newBroken":false,"newPassed":false,"retriesCount":0,"retriesStatusChange":false,"beforeStages":[{"name":"_session_faker","time":{"start":1748935462877,"stop":1748935462961,"duration":84},"status":"passed","steps":[],"attachments":[],"parameters":[],"shouldDisplayMessage":false,"attachmentsCount":0,"attachmentStep":false,"stepsCount":0,"hasContent":false},{"name":"shared_data","time":{"start":1748935469219,"stop":1748935469219,"duration":0},"status":"passed","steps":[],"attachments":[],"parameters":[],"shouldDisplayMessage":false,"attachmentsCount":0,"attachmentStep":false,"stepsCount":0,"hasContent":false},{"name":"driver","time":{"start":1748935483344,"stop":1748935484643,"duration":1299},"status":"passed","steps":[],"attachments":[],"parameters":[],"shouldDisplayMessage":false,"attachmentsCount":0,"attachmentStep":false,"stepsCount":0,"hasContent":false},{"name":"login","time":{"start":1748935484643,"stop":1748935486351,"duration":1708},"status":"passed","steps":[],"attachments":[],"parameters":[],"shouldDisplayMessage":false,"attachmentsCount":0,"attachmentStep":false,"stepsCount":0,"hasContent":false},{"name":"login","time":{"start":1748935500278,"stop":1748935502268,"duration":1990},"status":"passed","steps":[],"attachments":[],"parameters":[],"shouldDisplayMessage":false,"attachmentsCount":0,"attachmentStep":false,"stepsCount":0,"hasContent":false}],"testStage":{"description":"测试用户添加功能","status":"broken","statusMessage":"selenium.common.exceptions.TimeoutException: Message: \nStacktrace:\n\tGetHandleVerifier [0x00007FF6E7EACF25+75717]\n\tGetHandleVerifier [0x00007FF6E7EACF80+75808]\n\t(No symbol) [0x00007FF6E7C78F9A]\n\t(No symbol) [0x00007FF6E7CCF4C6]\n\t(No symbol) [0x00007FF6E7CCF77C]\n\t(No symbol) [0x00007FF6E7D22577]\n\t(No symbol) [0x00007FF6E7CF73BF]\n\t(No symbol) [0x00007FF6E7D1F39C]\n\t(No symbol) [0x00007FF6E7CF7153]\n\t(No symbol) [0x00007FF6E7CC0421]\n\t(No symbol) [0x00007FF6E7CC11B3]\n\tGetHandleVerifier [0x00007FF6E81AD6FD+3223453]\n\tGetHandleVerifier [0x00007FF6E81A7CA2+3200322]\n\tGetHandleVerifier [0x00007FF6E81C5AD3+3322739]\n\tGetHandleVerifier [0x00007FF6E7EC69FA+180890]\n\tGetHandleVerifier [0x00007FF6E7ECE0FF+211359]\n\tGetHandleVerifier [0x00007FF6E7EB5274+109332]\n\tGetHandleVerifier [0x00007FF6E7EB5422+109762]\n\tGetHandleVerifier [0x00007FF6E7E9BA39+4825]\n\tBaseThreadInitThunk [0x00007FFA8567E8D7+23]\n\tRtlUserThreadStart [0x00007FFA86D7C5DC+44]","statusTrace":"login = <selenium.webdriver.chrome.webdriver.WebDriver (session=\"45d83952aefd5c110053c1548f49d06d\")>, shared_data = {'last_department': 'web测试部门-y7m6tj'}\n\n    @allure.story(\"用户管理 - 用户添加\")\n    @allure.title(\"测试用户添加流程\")\n    @allure.description(\"测试用户添加功能\")\n    def test_user(login, shared_data):\n        driver = login\n        dept_name = shared_data.get(\"last_department\")\n    \n        with allure.step(f\"步骤1：进入 {dept_name} 部门\"):\n>           find_web_dept(driver, dept_name)\n\ntest_user.py:113: \n_ _ _ _ _ _ _ _ _ _ _ _ _ _ _ _ _ _ _ _ _ _ _ _ _ _ _ _ _ _ _ _ _ _ _ _ _ _ _ _ _ _ _ _ _ _ _ _ _ _ _ _ _ _ _ _ _ _ _ _ _ _ _ _ _ _ _ _ _ _ _ _ _ _ _ _ _ _ _ _ _ _ _ _ _ _ _ _ _ _ _ _ _ _ _ _ _ _ _ _ _ _\ntest_user.py:13: in find_web_dept\n    element = WebDriverWait(driver, 10).until(\n_ _ _ _ _ _ _ _ _ _ _ _ _ _ _ _ _ _ _ _ _ _ _ _ _ _ _ _ _ _ _ _ _ _ _ _ _ _ _ _ _ _ _ _ _ _ _ _ _ _ _ _ _ _ _ _ _ _ _ _ _ _ _ _ _ _ _ _ _ _ _ _ _ _ _ _ _ _ _ _ _ _ _ _ _ _ _ _ _ _ _ _ _ _ _ _ _ _ _ _ _ _\n\nself = <selenium.webdriver.support.wait.WebDriverWait (session=\"45d83952aefd5c110053c1548f49d06d\")>, method = <function element_to_be_clickable.<locals>._predicate at 0x0000021145084400>, message = ''\n\n    def until(self, method: Callable[[D], Union[Literal[False], T]], message: str = \"\") -> T:\n        \"\"\"Wait until the method returns a value that is not False.\n    \n        Calls the method provided with the driver as an argument until the\n        return value does not evaluate to ``False``.\n    \n        Parameters:\n        -----------\n        method: callable(WebDriver)\n            - A callable object that takes a WebDriver instance as an argument.\n    \n        message: str\n            - Optional message for :exc:`TimeoutException`\n    \n        Return:\n        -------\n        object: T\n            - The result of the last call to `method`\n    \n        Raises:\n        -------\n        TimeoutException\n            - If 'method' does not return a truthy value within the WebDriverWait\n            object's timeout\n    \n        Example:\n        --------\n        >>> from selenium.webdriver.common.by import By\n        >>> from selenium.webdriver.support.ui import WebDriverWait\n        >>> from selenium.webdriver.support import expected_conditions as EC\n    \n        # Wait until an element is visible on the page\n        >>> wait = WebDriverWait(driver, 10)\n        >>> element = wait.until(EC.visibility_of_element_located((By.ID, \"exampleId\")))\n        >>> print(element.text)\n        \"\"\"\n        screen = None\n        stacktrace = None\n    \n        end_time = time.monotonic() + self._timeout\n        while True:\n            try:\n                value = method(self._driver)\n                if value:\n                    return value\n            except self._ignored_exceptions as exc:\n                screen = getattr(exc, \"screen\", None)\n                stacktrace = getattr(exc, \"stacktrace\", None)\n            if time.monotonic() > end_time:\n                break\n            time.sleep(self._poll)\n>       raise TimeoutException(message, screen, stacktrace)\nE       selenium.common.exceptions.TimeoutException: Message: \nE       Stacktrace:\nE       \tGetHandleVerifier [0x00007FF6E7EACF25+75717]\nE       \tGetHandleVerifier [0x00007FF6E7EACF80+75808]\nE       \t(No symbol) [0x00007FF6E7C78F9A]\nE       \t(No symbol) [0x00007FF6E7CCF4C6]\nE       \t(No symbol) [0x00007FF6E7CCF77C]\nE       \t(No symbol) [0x00007FF6E7D22577]\nE       \t(No symbol) [0x00007FF6E7CF73BF]\nE       \t(No symbol) [0x00007FF6E7D1F39C]\nE       \t(No symbol) [0x00007FF6E7CF7153]\nE       \t(No symbol) [0x00007FF6E7CC0421]\nE       \t(No symbol) [0x00007FF6E7CC11B3]\nE       \tGetHandleVerifier [0x00007FF6E81AD6FD+3223453]\nE       \tGetHandleVerifier [0x00007FF6E81A7CA2+3200322]\nE       \tGetHandleVerifier [0x00007FF6E81C5AD3+3322739]\nE       \tGetHandleVerifier [0x00007FF6E7EC69FA+180890]\nE       \tGetHandleVerifier [0x00007FF6E7ECE0FF+211359]\nE       \tGetHandleVerifier [0x00007FF6E7EB5274+109332]\nE       \tGetHandleVerifier [0x00007FF6E7EB5422+109762]\nE       \tGetHandleVerifier [0x00007FF6E7E9BA39+4825]\nE       \tBaseThreadInitThunk [0x00007FFA8567E8D7+23]\nE       \tRtlUserThreadStart [0x00007FFA86D7C5DC+44]\n\nD:\\Web\\.venv\\Lib\\site-packages\\selenium\\webdriver\\support\\wait.py:138: TimeoutException","steps":[{"name":"步骤1：进入 web测试部门-y7m6tj 部门","time":{"start":1748935486352,"stop":1748935496729,"duration":10377},"status":"broken","statusMessage":"selenium.common.exceptions.TimeoutException: Message: \nStacktrace:\n\tGetHandleVerifier [0x00007FF6E7EACF25+75717]\n\tGetHandleVerifier [0x00007FF6E7EACF80+75808]\n\t(No symbol) [0x00007FF6E7C78F9A]\n\t(No symbol) [0x00007FF6E7CCF4C6]\n\t(No symbol) [0x00007FF6E7CCF77C]\n\t(No symbol) [0x00007FF6E7D22577]\n\t(No symbol) [0x00007FF6E7CF73BF]\n\t(No symbol) [0x00007FF6E7D1F39C]\n\t(No symbol) [0x00007FF6E7CF7153]\n\t(No symbol) [0x00007FF6E7CC0421]\n\t(No symbol) [0x00007FF6E7CC11B3]\n\tGetHandleVerifier [0x00007FF6E81AD6FD+3223453]\n\tGetHandleVerifier [0x00007FF6E81A7CA2+3200322]\n\tGetHandleVerifier [0x00007FF6E81C5AD3+3322739]\n\tGetHandleVerifier [0x00007FF6E7EC69FA+180890]\n\tGetHandleVerifier [0x00007FF6E7ECE0FF+211359]\n\tGetHandleVerifier [0x00007FF6E7EB5274+109332]\n\tGetHandleVerifier [0x00007FF6E7EB5422+109762]\n\tGetHandleVerifier [0x00007FF6E7E9BA39+4825]\n\tBaseThreadInitThunk [0x00007FFA8567E8D7+23]\n\tRtlUserThreadStart [0x00007FFA86D7C5DC+44]\n\n","statusTrace":"  File \"D:\\WebTest\\snow\\tests\\test_orguser\\test_user.py\", line 113, in test_user\n    find_web_dept(driver, dept_name)\n    ~~~~~~~~~~~~~^^^^^^^^^^^^^^^^^^^\n  File \"D:\\Web\\.venv\\Lib\\site-packages\\allure_commons\\_allure.py\", line 202, in impl\n    return func(*a, **kw)\n  File \"D:\\WebTest\\snow\\tests\\test_orguser\\test_user.py\", line 13, in find_web_dept\n    element = WebDriverWait(driver, 10).until(\n        EC.element_to_be_clickable((By.XPATH, xpath))\n    )\n  File \"D:\\Web\\.venv\\Lib\\site-packages\\selenium\\webdriver\\support\\wait.py\", line 138, in until\n    raise TimeoutException(message, screen, stacktrace)\n","steps":[{"name":"找到 'web测试部门-y7m6tj' 部门并点击","time":{"start":1748935486352,"stop":1748935496727,"duration":10375},"status":"broken","statusMessage":"selenium.common.exceptions.TimeoutException: Message: \nStacktrace:\n\tGetHandleVerifier [0x00007FF6E7EACF25+75717]\n\tGetHandleVerifier [0x00007FF6E7EACF80+75808]\n\t(No symbol) [0x00007FF6E7C78F9A]\n\t(No symbol) [0x00007FF6E7CCF4C6]\n\t(No symbol) [0x00007FF6E7CCF77C]\n\t(No symbol) [0x00007FF6E7D22577]\n\t(No symbol) [0x00007FF6E7CF73BF]\n\t(No symbol) [0x00007FF6E7D1F39C]\n\t(No symbol) [0x00007FF6E7CF7153]\n\t(No symbol) [0x00007FF6E7CC0421]\n\t(No symbol) [0x00007FF6E7CC11B3]\n\tGetHandleVerifier [0x00007FF6E81AD6FD+3223453]\n\tGetHandleVerifier [0x00007FF6E81A7CA2+3200322]\n\tGetHandleVerifier [0x00007FF6E81C5AD3+3322739]\n\tGetHandleVerifier [0x00007FF6E7EC69FA+180890]\n\tGetHandleVerifier [0x00007FF6E7ECE0FF+211359]\n\tGetHandleVerifier [0x00007FF6E7EB5274+109332]\n\tGetHandleVerifier [0x00007FF6E7EB5422+109762]\n\tGetHandleVerifier [0x00007FF6E7E9BA39+4825]\n\tBaseThreadInitThunk [0x00007FFA8567E8D7+23]\n\tRtlUserThreadStart [0x00007FFA86D7C5DC+44]\n\n","statusTrace":"  File \"D:\\Web\\.venv\\Lib\\site-packages\\allure_commons\\_allure.py\", line 202, in impl\n    return func(*a, **kw)\n  File \"D:\\WebTest\\snow\\tests\\test_orguser\\test_user.py\", line 13, in find_web_dept\n    element = WebDriverWait(driver, 10).until(\n        EC.element_to_be_clickable((By.XPATH, xpath))\n    )\n  File \"D:\\Web\\.venv\\Lib\\site-packages\\selenium\\webdriver\\support\\wait.py\", line 138, in until\n    raise TimeoutException(message, screen, stacktrace)\n","steps":[],"attachments":[],"parameters":[{"name":"driver","value":"<selenium.webdriver.chrome.webdriver.WebDriver (session=\"45d83952aefd5c110053c1548f49d06d\")>"},{"name":"dept_name","value":"'web测试部门-y7m6tj'"}],"shouldDisplayMessage":true,"attachmentsCount":0,"attachmentStep":false,"stepsCount":0,"hasContent":true}],"attachments":[],"parameters":[],"shouldDisplayMessage":false,"attachmentsCount":0,"attachmentStep":false,"stepsCount":1,"hasContent":true}],"attachments":[],"parameters":[],"shouldDisplayMessage":true,"attachmentsCount":0,"attachmentStep":false,"stepsCount":2,"hasContent":true},"afterStages":[{"name":"driver::0","time":{"start":1748935496861,"stop":1748935499042,"duration":2181},"status":"passed","steps":[],"attachments":[],"parameters":[],"shouldDisplayMessage":false,"attachmentsCount":0,"attachmentStep":false,"stepsCount":0,"hasContent":false}],"labels":[{"name":"story","value":"用户管理 - 用户添加"},{"name":"parentSuite","value":"tests.test_orguser"},{"name":"suite","value":"test_user"},{"name":"host","value":"DESKTOP-DMNLNRR"},{"name":"thread","value":"6448-MainThread"},{"name":"framework","value":"pytest"},{"name":"language","value":"cpython3"},{"name":"package","value":"tests.test_orguser.test_user"},{"name":"resultFormat","value":"allure2"}],"parameters":[],"links":[],"hidden":true,"retry":true,"extra":{"categories":[],"tags":[]},"source":"64d3890d4a38e27e.json","parameterValues":[]}