{"uid":"adf5c49151751061","name":"test_case_1","fullName":"tests.test_delete.test_case_1#test_case_1","historyId":"c3edea2762780a6e428f73419cfab9aa","time":{"start":1749015718168,"stop":1749015732889,"duration":14721},"status":"broken","statusMessage":"selenium.common.exceptions.TimeoutException: Message: \nStacktrace:\n\tGetHandleVerifier [0x00007FF644BFCF25+75717]\n\tGetHandleVerifier [0x00007FF644BFCF80+75808]\n\t(No symbol) [0x00007FF6449C8F9A]\n\t(No symbol) [0x00007FF644A1F4C6]\n\t(No symbol) [0x00007FF644A1F77C]\n\t(No symbol) [0x00007FF644A72577]\n\t(No symbol) [0x00007FF644A473BF]\n\t(No symbol) [0x00007FF644A6F39C]\n\t(No symbol) [0x00007FF644A47153]\n\t(No symbol) [0x00007FF644A10421]\n\t(No symbol) [0x00007FF644A111B3]\n\tGetHandleVerifier [0x00007FF644EFD6FD+3223453]\n\tGetHandleVerifier [0x00007FF644EF7CA2+3200322]\n\tGetHandleVerifier [0x00007FF644F15AD3+3322739]\n\tGetHandleVerifier [0x00007FF644C169FA+180890]\n\tGetHandleVerifier [0x00007FF644C1E0FF+211359]\n\tGetHandleVerifier [0x00007FF644C05274+109332]\n\tGetHandleVerifier [0x00007FF644C05422+109762]\n\tGetHandleVerifier [0x00007FF644BEBA39+4825]\n\tBaseThreadInitThunk [0x00007FF8FA8DE8D7+23]\n\tRtlUserThreadStart [0x00007FF8FC2BC5DC+44]","statusTrace":"login = <selenium.webdriver.chrome.webdriver.WebDriver (session=\"eb0ae8c90352843fbd5cacc0c8704873\")>\n\n>   ???\n\nD:\\WebTest\\snow\\tests\\test_case\\test_case_1.py:63: \n_ _ _ _ _ _ _ _ _ _ _ _ _ _ _ _ _ _ _ _ _ _ _ _ _ _ _ _ _ _ _ _ _ _ _ _ _ _ _ _ _ _ _ _ _ _ _ _ _ _ _ _ _ _ _ _ _ _ _ _ _ _ _ _ _ _ _ _ _ _ _ _ _ _ _ _ _ _ _ _ _ _ _ _ _ _ _ _ _ _ _ _ _ _ _ _ _ _ _ _ _ _ _ _ _ _ _ _ _ _ _ _ _ _ _ _ _ _ _ \nD:\\WebTest\\snow\\tests\\test_case\\test_case_1.py:25: in step_2\n    ???\nD:\\WebTest\\snow\\tests\\test_case\\conftest.py:102: in click_element\n    ???\n_ _ _ _ _ _ _ _ _ _ _ _ _ _ _ _ _ _ _ _ _ _ _ _ _ _ _ _ _ _ _ _ _ _ _ _ _ _ _ _ _ _ _ _ _ _ _ _ _ _ _ _ _ _ _ _ _ _ _ _ _ _ _ _ _ _ _ _ _ _ _ _ _ _ _ _ _ _ _ _ _ _ _ _ _ _ _ _ _ _ _ _ _ _ _ _ _ _ _ _ _ _ _ _ _ _ _ _ _ _ _ _ _ _ _ _ _ _ _ \n\nself = <selenium.webdriver.support.wait.WebDriverWait (session=\"eb0ae8c90352843fbd5cacc0c8704873\")>, method = <function element_to_be_clickable.<locals>._predicate at 0x000001CC74982CA0>, message = ''\n\n    def until(self, method: Callable[[D], Union[Literal[False], T]], message: str = \"\") -> T:\n        \"\"\"Wait until the method returns a value that is not False.\n    \n        Calls the method provided with the driver as an argument until the\n        return value does not evaluate to ``False``.\n    \n        Parameters:\n        -----------\n        method: callable(WebDriver)\n            - A callable object that takes a WebDriver instance as an argument.\n    \n        message: str\n            - Optional message for :exc:`TimeoutException`\n    \n        Return:\n        -------\n        object: T\n            - The result of the last call to `method`\n    \n        Raises:\n        -------\n        TimeoutException\n            - If 'method' does not return a truthy value within the WebDriverWait\n            object's timeout\n    \n        Example:\n        --------\n        >>> from selenium.webdriver.common.by import By\n        >>> from selenium.webdriver.support.ui import WebDriverWait\n        >>> from selenium.webdriver.support import expected_conditions as EC\n    \n        # Wait until an element is visible on the page\n        >>> wait = WebDriverWait(driver, 10)\n        >>> element = wait.until(EC.visibility_of_element_located((By.ID, \"exampleId\")))\n        >>> print(element.text)\n        \"\"\"\n        screen = None\n        stacktrace = None\n    \n        end_time = time.monotonic() + self._timeout\n        while True:\n            try:\n                value = method(self._driver)\n                if value:\n                    return value\n            except self._ignored_exceptions as exc:\n                screen = getattr(exc, \"screen\", None)\n                stacktrace = getattr(exc, \"stacktrace\", None)\n            if time.monotonic() > end_time:\n                break\n            time.sleep(self._poll)\n>       raise TimeoutException(message, screen, stacktrace)\nE       selenium.common.exceptions.TimeoutException: Message: \nE       Stacktrace:\nE       \tGetHandleVerifier [0x00007FF644BFCF25+75717]\nE       \tGetHandleVerifier [0x00007FF644BFCF80+75808]\nE       \t(No symbol) [0x00007FF6449C8F9A]\nE       \t(No symbol) [0x00007FF644A1F4C6]\nE       \t(No symbol) [0x00007FF644A1F77C]\nE       \t(No symbol) [0x00007FF644A72577]\nE       \t(No symbol) [0x00007FF644A473BF]\nE       \t(No symbol) [0x00007FF644A6F39C]\nE       \t(No symbol) [0x00007FF644A47153]\nE       \t(No symbol) [0x00007FF644A10421]\nE       \t(No symbol) [0x00007FF644A111B3]\nE       \tGetHandleVerifier [0x00007FF644EFD6FD+3223453]\nE       \tGetHandleVerifier [0x00007FF644EF7CA2+3200322]\nE       \tGetHandleVerifier [0x00007FF644F15AD3+3322739]\nE       \tGetHandleVerifier [0x00007FF644C169FA+180890]\nE       \tGetHandleVerifier [0x00007FF644C1E0FF+211359]\nE       \tGetHandleVerifier [0x00007FF644C05274+109332]\nE       \tGetHandleVerifier [0x00007FF644C05422+109762]\nE       \tGetHandleVerifier [0x00007FF644BEBA39+4825]\nE       \tBaseThreadInitThunk [0x00007FF8FA8DE8D7+23]\nE       \tRtlUserThreadStart [0x00007FF8FC2BC5DC+44]\n\nD:\\Web\\.venv\\Lib\\site-packages\\selenium\\webdriver\\support\\wait.py:138: TimeoutException","flaky":false,"newFailed":false,"newBroken":false,"newPassed":false,"retriesCount":0,"retriesStatusChange":false,"beforeStages":[{"name":"_session_faker","time":{"start":1749015713756,"stop":1749015713871,"duration":115},"status":"passed","steps":[],"attachments":[],"parameters":[],"stepsCount":0,"hasContent":false,"attachmentStep":false,"attachmentsCount":0,"shouldDisplayMessage":false},{"name":"driver","time":{"start":1749015713871,"stop":1749015715375,"duration":1504},"status":"passed","steps":[],"attachments":[],"parameters":[],"stepsCount":0,"hasContent":false,"attachmentStep":false,"attachmentsCount":0,"shouldDisplayMessage":false},{"name":"login","time":{"start":1749015715375,"stop":1749015718167,"duration":2792},"status":"passed","steps":[],"attachments":[],"parameters":[],"stepsCount":0,"hasContent":false,"attachmentStep":false,"attachmentsCount":0,"shouldDisplayMessage":false}],"testStage":{"status":"broken","statusMessage":"selenium.common.exceptions.TimeoutException: Message: \nStacktrace:\n\tGetHandleVerifier [0x00007FF644BFCF25+75717]\n\tGetHandleVerifier [0x00007FF644BFCF80+75808]\n\t(No symbol) [0x00007FF6449C8F9A]\n\t(No symbol) [0x00007FF644A1F4C6]\n\t(No symbol) [0x00007FF644A1F77C]\n\t(No symbol) [0x00007FF644A72577]\n\t(No symbol) [0x00007FF644A473BF]\n\t(No symbol) [0x00007FF644A6F39C]\n\t(No symbol) [0x00007FF644A47153]\n\t(No symbol) [0x00007FF644A10421]\n\t(No symbol) [0x00007FF644A111B3]\n\tGetHandleVerifier [0x00007FF644EFD6FD+3223453]\n\tGetHandleVerifier [0x00007FF644EF7CA2+3200322]\n\tGetHandleVerifier [0x00007FF644F15AD3+3322739]\n\tGetHandleVerifier [0x00007FF644C169FA+180890]\n\tGetHandleVerifier [0x00007FF644C1E0FF+211359]\n\tGetHandleVerifier [0x00007FF644C05274+109332]\n\tGetHandleVerifier [0x00007FF644C05422+109762]\n\tGetHandleVerifier [0x00007FF644BEBA39+4825]\n\tBaseThreadInitThunk [0x00007FF8FA8DE8D7+23]\n\tRtlUserThreadStart [0x00007FF8FC2BC5DC+44]","statusTrace":"login = <selenium.webdriver.chrome.webdriver.WebDriver (session=\"eb0ae8c90352843fbd5cacc0c8704873\")>\n\n>   ???\n\nD:\\WebTest\\snow\\tests\\test_case\\test_case_1.py:63: \n_ _ _ _ _ _ _ _ _ _ _ _ _ _ _ _ _ _ _ _ _ _ _ _ _ _ _ _ _ _ _ _ _ _ _ _ _ _ _ _ _ _ _ _ _ _ _ _ _ _ _ _ _ _ _ _ _ _ _ _ _ _ _ _ _ _ _ _ _ _ _ _ _ _ _ _ _ _ _ _ _ _ _ _ _ _ _ _ _ _ _ _ _ _ _ _ _ _ _ _ _ _ _ _ _ _ _ _ _ _ _ _ _ _ _ _ _ _ _ \nD:\\WebTest\\snow\\tests\\test_case\\test_case_1.py:25: in step_2\n    ???\nD:\\WebTest\\snow\\tests\\test_case\\conftest.py:102: in click_element\n    ???\n_ _ _ _ _ _ _ _ _ _ _ _ _ _ _ _ _ _ _ _ _ _ _ _ _ _ _ _ _ _ _ _ _ _ _ _ _ _ _ _ _ _ _ _ _ _ _ _ _ _ _ _ _ _ _ _ _ _ _ _ _ _ _ _ _ _ _ _ _ _ _ _ _ _ _ _ _ _ _ _ _ _ _ _ _ _ _ _ _ _ _ _ _ _ _ _ _ _ _ _ _ _ _ _ _ _ _ _ _ _ _ _ _ _ _ _ _ _ _ \n\nself = <selenium.webdriver.support.wait.WebDriverWait (session=\"eb0ae8c90352843fbd5cacc0c8704873\")>, method = <function element_to_be_clickable.<locals>._predicate at 0x000001CC74982CA0>, message = ''\n\n    def until(self, method: Callable[[D], Union[Literal[False], T]], message: str = \"\") -> T:\n        \"\"\"Wait until the method returns a value that is not False.\n    \n        Calls the method provided with the driver as an argument until the\n        return value does not evaluate to ``False``.\n    \n        Parameters:\n        -----------\n        method: callable(WebDriver)\n            - A callable object that takes a WebDriver instance as an argument.\n    \n        message: str\n            - Optional message for :exc:`TimeoutException`\n    \n        Return:\n        -------\n        object: T\n            - The result of the last call to `method`\n    \n        Raises:\n        -------\n        TimeoutException\n            - If 'method' does not return a truthy value within the WebDriverWait\n            object's timeout\n    \n        Example:\n        --------\n        >>> from selenium.webdriver.common.by import By\n        >>> from selenium.webdriver.support.ui import WebDriverWait\n        >>> from selenium.webdriver.support import expected_conditions as EC\n    \n        # Wait until an element is visible on the page\n        >>> wait = WebDriverWait(driver, 10)\n        >>> element = wait.until(EC.visibility_of_element_located((By.ID, \"exampleId\")))\n        >>> print(element.text)\n        \"\"\"\n        screen = None\n        stacktrace = None\n    \n        end_time = time.monotonic() + self._timeout\n        while True:\n            try:\n                value = method(self._driver)\n                if value:\n                    return value\n            except self._ignored_exceptions as exc:\n                screen = getattr(exc, \"screen\", None)\n                stacktrace = getattr(exc, \"stacktrace\", None)\n            if time.monotonic() > end_time:\n                break\n            time.sleep(self._poll)\n>       raise TimeoutException(message, screen, stacktrace)\nE       selenium.common.exceptions.TimeoutException: Message: \nE       Stacktrace:\nE       \tGetHandleVerifier [0x00007FF644BFCF25+75717]\nE       \tGetHandleVerifier [0x00007FF644BFCF80+75808]\nE       \t(No symbol) [0x00007FF6449C8F9A]\nE       \t(No symbol) [0x00007FF644A1F4C6]\nE       \t(No symbol) [0x00007FF644A1F77C]\nE       \t(No symbol) [0x00007FF644A72577]\nE       \t(No symbol) [0x00007FF644A473BF]\nE       \t(No symbol) [0x00007FF644A6F39C]\nE       \t(No symbol) [0x00007FF644A47153]\nE       \t(No symbol) [0x00007FF644A10421]\nE       \t(No symbol) [0x00007FF644A111B3]\nE       \tGetHandleVerifier [0x00007FF644EFD6FD+3223453]\nE       \tGetHandleVerifier [0x00007FF644EF7CA2+3200322]\nE       \tGetHandleVerifier [0x00007FF644F15AD3+3322739]\nE       \tGetHandleVerifier [0x00007FF644C169FA+180890]\nE       \tGetHandleVerifier [0x00007FF644C1E0FF+211359]\nE       \tGetHandleVerifier [0x00007FF644C05274+109332]\nE       \tGetHandleVerifier [0x00007FF644C05422+109762]\nE       \tGetHandleVerifier [0x00007FF644BEBA39+4825]\nE       \tBaseThreadInitThunk [0x00007FF8FA8DE8D7+23]\nE       \tRtlUserThreadStart [0x00007FF8FC2BC5DC+44]\n\nD:\\Web\\.venv\\Lib\\site-packages\\selenium\\webdriver\\support\\wait.py:138: TimeoutException","steps":[{"name":"点击组织架构菜单","time":{"start":1749015718169,"stop":1749015720374,"duration":2205},"status":"passed","steps":[{"name":"点击组织架构菜单","time":{"start":1749015718169,"stop":1749015720374,"duration":2205},"status":"passed","steps":[],"attachments":[],"parameters":[],"stepsCount":0,"hasContent":false,"attachmentStep":false,"attachmentsCount":0,"shouldDisplayMessage":false}],"attachments":[],"parameters":[{"name":"driver","value":"<selenium.webdriver.chrome.webdriver.WebDriver (session=\"eb0ae8c90352843fbd5cacc0c8704873\")>"}],"stepsCount":1,"hasContent":true,"attachmentStep":false,"attachmentsCount":0,"shouldDisplayMessage":false},{"name":"点击第一个部门","time":{"start":1749015720375,"stop":1749015720539,"duration":164},"status":"passed","steps":[],"attachments":[],"parameters":[],"stepsCount":0,"hasContent":false,"attachmentStep":false,"attachmentsCount":0,"shouldDisplayMessage":false},{"name":"点击更多","time":{"start":1749015720540,"stop":1749015720697,"duration":157},"status":"passed","steps":[],"attachments":[],"parameters":[],"stepsCount":0,"hasContent":false,"attachmentStep":false,"attachmentsCount":0,"shouldDisplayMessage":false},{"name":"停用原因","time":{"start":1749015722190,"stop":1749015722403,"duration":213},"status":"passed","steps":[],"attachments":[],"parameters":[],"stepsCount":0,"hasContent":false,"attachmentStep":false,"attachmentsCount":0,"shouldDisplayMessage":false},{"name":"点击确定停用","time":{"start":1749015722403,"stop":1749015732887,"duration":10484},"status":"broken","statusMessage":"selenium.common.exceptions.TimeoutException: Message: \nStacktrace:\n\tGetHandleVerifier [0x00007FF644BFCF25+75717]\n\tGetHandleVerifier [0x00007FF644BFCF80+75808]\n\t(No symbol) [0x00007FF6449C8F9A]\n\t(No symbol) [0x00007FF644A1F4C6]\n\t(No symbol) [0x00007FF644A1F77C]\n\t(No symbol) [0x00007FF644A72577]\n\t(No symbol) [0x00007FF644A473BF]\n\t(No symbol) [0x00007FF644A6F39C]\n\t(No symbol) [0x00007FF644A47153]\n\t(No symbol) [0x00007FF644A10421]\n\t(No symbol) [0x00007FF644A111B3]\n\tGetHandleVerifier [0x00007FF644EFD6FD+3223453]\n\tGetHandleVerifier [0x00007FF644EF7CA2+3200322]\n\tGetHandleVerifier [0x00007FF644F15AD3+3322739]\n\tGetHandleVerifier [0x00007FF644C169FA+180890]\n\tGetHandleVerifier [0x00007FF644C1E0FF+211359]\n\tGetHandleVerifier [0x00007FF644C05274+109332]\n\tGetHandleVerifier [0x00007FF644C05422+109762]\n\tGetHandleVerifier [0x00007FF644BEBA39+4825]\n\tBaseThreadInitThunk [0x00007FF8FA8DE8D7+23]\n\tRtlUserThreadStart [0x00007FF8FC2BC5DC+44]\n\n","statusTrace":"  File \"D:\\WebTest\\snow\\tests\\test_case\\conftest.py\", line 102, in click_element\n  File \"D:\\Web\\.venv\\Lib\\site-packages\\selenium\\webdriver\\support\\wait.py\", line 138, in until\n    raise TimeoutException(message, screen, stacktrace)\n","steps":[],"attachments":[{"uid":"eb5cf6fc7fb6f3e8","name":"点击确定停用_超时","source":"eb5cf6fc7fb6f3e8.png","type":"image/png","size":57544}],"parameters":[],"stepsCount":0,"hasContent":true,"attachmentStep":false,"attachmentsCount":1,"shouldDisplayMessage":true}],"attachments":[],"parameters":[],"stepsCount":6,"hasContent":true,"attachmentStep":false,"attachmentsCount":1,"shouldDisplayMessage":true},"afterStages":[{"name":"driver::0","time":{"start":1749015733162,"stop":1749015735394,"duration":2232},"status":"passed","steps":[],"attachments":[],"parameters":[],"stepsCount":0,"hasContent":false,"attachmentStep":false,"attachmentsCount":0,"shouldDisplayMessage":false}],"labels":[{"name":"parentSuite","value":"tests.test_delete"},{"name":"suite","value":"test_case_1"},{"name":"host","value":"DESKTOP-DMNLNRR"},{"name":"thread","value":"13712-MainThread"},{"name":"framework","value":"pytest"},{"name":"language","value":"cpython3"},{"name":"package","value":"tests.test_delete.test_case_1"},{"name":"resultFormat","value":"allure2"}],"parameters":[],"links":[],"hidden":true,"retry":true,"extra":{"categories":[],"tags":[]},"source":"adf5c49151751061.json","parameterValues":[]}