{"name": "测试用户添加流程", "status": "failed", "statusDetails": {"message": "AssertionError: ❌ 未找到部门：web测试部门-94kjlg\nassert False\n +  where False = find_web_dept(<selenium.webdriver.chrome.webdriver.WebDriver (session=\"aed8994d399335b221c896d64e8324bc\")>, 'web测试部门-94kjlg')", "trace": "login = <selenium.webdriver.chrome.webdriver.WebDriver (session=\"aed8994d399335b221c896d64e8324bc\")>, shared_data = {'last_department': 'web测试部门-94kjlg'}\n\n    @allure.feature(\"用户管理\")\n    @allure.story(\"添加用户\")\n    @allure.title(\"测试用户添加流程\")\n    @allure.description(\"测试在组织架构中添加用户的完整流程\")\n    def test_user(login, shared_data):\n        driver = login\n        dept_name = shared_data.get(\"last_department\")\n    \n        with allure.step(f\"步骤1：进入 {dept_name} 部门\"):\n>           assert find_web_dept(driver, dept_name), f\"❌ 未找到部门：{dept_name}\"\nE           AssertionError: ❌ 未找到部门：web测试部门-94kjlg\nE           assert False\nE            +  where False = find_web_dept(<selenium.webdriver.chrome.webdriver.WebDriver (session=\"aed8994d399335b221c896d64e8324bc\")>, 'web测试部门-94kjlg')\n\ntest_user.py:177: AssertionError"}, "description": "测试在组织架构中添加用户的完整流程", "steps": [{"name": "步骤1：进入 web测试部门-94kjlg 部门", "status": "failed", "statusDetails": {"message": "AssertionError: ❌ 未找到部门：web测试部门-94kjlg\nassert False\n +  where False = find_web_dept(<selenium.webdriver.chrome.webdriver.WebDriver (session=\"aed8994d399335b221c896d64e8324bc\")>, 'web测试部门-94kjlg')\n", "trace": "  File \"D:\\WebTest\\snow\\tests\\test_orguser\\test_user.py\", line 177, in test_user\n    assert find_web_dept(driver, dept_name), f\"❌ 未找到部门：{dept_name}\"\n"}, "steps": [{"name": "找到 'web测试部门-94kjlg' 部门并点击", "status": "passed", "attachments": [{"name": "未找到部门：web测试部门-94kjlg", "source": "e73a70a3-8059-4618-988f-aae294d19e07-attachment.png", "type": "image/png"}], "parameters": [{"name": "driver", "value": "<selenium.webdriver.chrome.webdriver.WebDriver (session=\"aed8994d399335b221c896d64e8324bc\")>"}, {"name": "dept_name", "value": "'web测试部门-94kjlg'"}], "start": 1748936328055, "stop": 1748936338616}], "start": 1748936328055, "stop": 1748936338616}], "attachments": [{"name": "stdout", "source": "0b292863-34ee-4703-92eb-0438e45dbcbb-attachment.txt", "type": "text/plain"}], "start": 1748936328054, "stop": 1748936338618, "uuid": "b66d7854-c942-4ec9-a34d-4b6bbc79c534", "historyId": "2bc5c0be20d0cd47b2f8ae6a29fe13be", "testCaseId": "2bc5c0be20d0cd47b2f8ae6a29fe13be", "fullName": "tests.test_orguser.test_user#test_user", "labels": [{"name": "story", "value": "添加用户"}, {"name": "feature", "value": "用户管理"}, {"name": "parentSuite", "value": "tests.test_orguser"}, {"name": "suite", "value": "test_user"}, {"name": "host", "value": "DESKTOP-DMNLNRR"}, {"name": "thread", "value": "21668-MainThread"}, {"name": "framework", "value": "pytest"}, {"name": "language", "value": "cpython3"}, {"name": "package", "value": "tests.test_orguser.test_user"}]}