{"name": "更新用户状态（部门）", "status": "broken", "statusDetails": {"message": "selenium.common.exceptions.TimeoutException: Message: \nStacktrace:\n\tGetHandleVerifier [0x00007FF6E7EACF25+75717]\n\tGetHandleVerifier [0x00007FF6E7EACF80+75808]\n\t(No symbol) [0x00007FF6E7C78F9A]\n\t(No symbol) [0x00007FF6E7CCF4C6]\n\t(No symbol) [0x00007FF6E7CCF77C]\n\t(No symbol) [0x00007FF6E7D22577]\n\t(No symbol) [0x00007FF6E7CF73BF]\n\t(No symbol) [0x00007FF6E7D1F39C]\n\t(No symbol) [0x00007FF6E7CF7153]\n\t(No symbol) [0x00007FF6E7CC0421]\n\t(No symbol) [0x00007FF6E7CC11B3]\n\tGetHandleVerifier [0x00007FF6E81AD6FD+3223453]\n\tGetHandleVerifier [0x00007FF6E81A7CA2+3200322]\n\tGetHandleVerifier [0x00007FF6E81C5AD3+3322739]\n\tGetHandleVerifier [0x00007FF6E7EC69FA+180890]\n\tGetHandleVerifier [0x00007FF6E7ECE0FF+211359]\n\tGetHandleVerifier [0x00007FF6E7EB5274+109332]\n\tGetHandleVerifier [0x00007FF6E7EB5422+109762]\n\tGetHandleVerifier [0x00007FF6E7E9BA39+4825]\n\tBaseThreadInitThunk [0x00007FFA8567E8D7+23]\n\tRtlUserThreadStart [0x00007FFA86D7C5DC+44]", "trace": "login = <selenium.webdriver.chrome.webdriver.WebDriver (session=\"588b5c35ee4b5dc2d1230477a6048caf\")>, shared_data = {'last_department': 'web测试部门-p7368w'}\n\n    @allure.title('更新用户状态（部门）')\n    @allure.story('更新用户状态（部门）')\n    @allure.description('更新用户状态（部门）')\n    def test_upuser(login, shared_data):\n        driver = login\n        dept_name = shared_data.get(\"last_department\")\n    \n        with allure.step(f\"点击部门：{dept_name}\"):\n>           find_web_dept(driver, dept_name)\n\ntest_upuser.py:64: \n_ _ _ _ _ _ _ _ _ _ _ _ _ _ _ _ _ _ _ _ _ _ _ _ _ _ _ _ _ _ _ _ _ _ _ _ _ _ _ _ _ _ _ _ _ _ _ _ _ _ _ _ _ _ _ _ _ _ _ _ _ _ _ _ _ _ _ _ _ _ _ _ _ _ _ _ _ _ _ _ _ _ _ _ _ _ _ _ _ _ _ _ _ _ _ _ _ _ _ _ _ _\ntest_upuser.py:11: in find_web_dept\n    element = WebDriverWait(driver, 10).until(\n_ _ _ _ _ _ _ _ _ _ _ _ _ _ _ _ _ _ _ _ _ _ _ _ _ _ _ _ _ _ _ _ _ _ _ _ _ _ _ _ _ _ _ _ _ _ _ _ _ _ _ _ _ _ _ _ _ _ _ _ _ _ _ _ _ _ _ _ _ _ _ _ _ _ _ _ _ _ _ _ _ _ _ _ _ _ _ _ _ _ _ _ _ _ _ _ _ _ _ _ _ _\n\nself = <selenium.webdriver.support.wait.WebDriverWait (session=\"588b5c35ee4b5dc2d1230477a6048caf\")>, method = <function element_to_be_clickable.<locals>._predicate at 0x00000205F0B5D620>, message = ''\n\n    def until(self, method: Callable[[D], Union[Literal[False], T]], message: str = \"\") -> T:\n        \"\"\"Wait until the method returns a value that is not False.\n    \n        Calls the method provided with the driver as an argument until the\n        return value does not evaluate to ``False``.\n    \n        Parameters:\n        -----------\n        method: callable(WebDriver)\n            - A callable object that takes a WebDriver instance as an argument.\n    \n        message: str\n            - Optional message for :exc:`TimeoutException`\n    \n        Return:\n        -------\n        object: T\n            - The result of the last call to `method`\n    \n        Raises:\n        -------\n        TimeoutException\n            - If 'method' does not return a truthy value within the WebDriverWait\n            object's timeout\n    \n        Example:\n        --------\n        >>> from selenium.webdriver.common.by import By\n        >>> from selenium.webdriver.support.ui import WebDriverWait\n        >>> from selenium.webdriver.support import expected_conditions as EC\n    \n        # Wait until an element is visible on the page\n        >>> wait = WebDriverWait(driver, 10)\n        >>> element = wait.until(EC.visibility_of_element_located((By.ID, \"exampleId\")))\n        >>> print(element.text)\n        \"\"\"\n        screen = None\n        stacktrace = None\n    \n        end_time = time.monotonic() + self._timeout\n        while True:\n            try:\n                value = method(self._driver)\n                if value:\n                    return value\n            except self._ignored_exceptions as exc:\n                screen = getattr(exc, \"screen\", None)\n                stacktrace = getattr(exc, \"stacktrace\", None)\n            if time.monotonic() > end_time:\n                break\n            time.sleep(self._poll)\n>       raise TimeoutException(message, screen, stacktrace)\nE       selenium.common.exceptions.TimeoutException: Message: \nE       Stacktrace:\nE       \tGetHandleVerifier [0x00007FF6E7EACF25+75717]\nE       \tGetHandleVerifier [0x00007FF6E7EACF80+75808]\nE       \t(No symbol) [0x00007FF6E7C78F9A]\nE       \t(No symbol) [0x00007FF6E7CCF4C6]\nE       \t(No symbol) [0x00007FF6E7CCF77C]\nE       \t(No symbol) [0x00007FF6E7D22577]\nE       \t(No symbol) [0x00007FF6E7CF73BF]\nE       \t(No symbol) [0x00007FF6E7D1F39C]\nE       \t(No symbol) [0x00007FF6E7CF7153]\nE       \t(No symbol) [0x00007FF6E7CC0421]\nE       \t(No symbol) [0x00007FF6E7CC11B3]\nE       \tGetHandleVerifier [0x00007FF6E81AD6FD+3223453]\nE       \tGetHandleVerifier [0x00007FF6E81A7CA2+3200322]\nE       \tGetHandleVerifier [0x00007FF6E81C5AD3+3322739]\nE       \tGetHandleVerifier [0x00007FF6E7EC69FA+180890]\nE       \tGetHandleVerifier [0x00007FF6E7ECE0FF+211359]\nE       \tGetHandleVerifier [0x00007FF6E7EB5274+109332]\nE       \tGetHandleVerifier [0x00007FF6E7EB5422+109762]\nE       \tGetHandleVerifier [0x00007FF6E7E9BA39+4825]\nE       \tBaseThreadInitThunk [0x00007FFA8567E8D7+23]\nE       \tRtlUserThreadStart [0x00007FFA86D7C5DC+44]\n\nD:\\Web\\.venv\\Lib\\site-packages\\selenium\\webdriver\\support\\wait.py:138: TimeoutException"}, "description": "更新用户状态（部门）", "steps": [{"name": "点击部门：web测试部门-p7368w", "status": "broken", "statusDetails": {"message": "selenium.common.exceptions.TimeoutException: Message: \nStacktrace:\n\tGetHandleVerifier [0x00007FF6E7EACF25+75717]\n\tGetHandleVerifier [0x00007FF6E7EACF80+75808]\n\t(No symbol) [0x00007FF6E7C78F9A]\n\t(No symbol) [0x00007FF6E7CCF4C6]\n\t(No symbol) [0x00007FF6E7CCF77C]\n\t(No symbol) [0x00007FF6E7D22577]\n\t(No symbol) [0x00007FF6E7CF73BF]\n\t(No symbol) [0x00007FF6E7D1F39C]\n\t(No symbol) [0x00007FF6E7CF7153]\n\t(No symbol) [0x00007FF6E7CC0421]\n\t(No symbol) [0x00007FF6E7CC11B3]\n\tGetHandleVerifier [0x00007FF6E81AD6FD+3223453]\n\tGetHandleVerifier [0x00007FF6E81A7CA2+3200322]\n\tGetHandleVerifier [0x00007FF6E81C5AD3+3322739]\n\tGetHandleVerifier [0x00007FF6E7EC69FA+180890]\n\tGetHandleVerifier [0x00007FF6E7ECE0FF+211359]\n\tGetHandleVerifier [0x00007FF6E7EB5274+109332]\n\tGetHandleVerifier [0x00007FF6E7EB5422+109762]\n\tGetHandleVerifier [0x00007FF6E7E9BA39+4825]\n\tBaseThreadInitThunk [0x00007FFA8567E8D7+23]\n\tRtlUserThreadStart [0x00007FFA86D7C5DC+44]\n\n", "trace": "  File \"D:\\WebTest\\snow\\tests\\test_orguser\\test_upuser.py\", line 64, in test_upuser\n    find_web_dept(driver, dept_name)\n    ~~~~~~~~~~~~~^^^^^^^^^^^^^^^^^^^\n  File \"D:\\Web\\.venv\\Lib\\site-packages\\allure_commons\\_allure.py\", line 202, in impl\n    return func(*a, **kw)\n  File \"D:\\WebTest\\snow\\tests\\test_orguser\\test_upuser.py\", line 11, in find_web_dept\n    element = WebDriverWait(driver, 10).until(\n        EC.element_to_be_clickable((By.XPATH, xpath))\n    )\n  File \"D:\\Web\\.venv\\Lib\\site-packages\\selenium\\webdriver\\support\\wait.py\", line 138, in until\n    raise TimeoutException(message, screen, stacktrace)\n"}, "steps": [{"name": "找到 'web测试部门-p7368w' 并点击", "status": "broken", "statusDetails": {"message": "selenium.common.exceptions.TimeoutException: Message: \nStacktrace:\n\tGetHandleVerifier [0x00007FF6E7EACF25+75717]\n\tGetHandleVerifier [0x00007FF6E7EACF80+75808]\n\t(No symbol) [0x00007FF6E7C78F9A]\n\t(No symbol) [0x00007FF6E7CCF4C6]\n\t(No symbol) [0x00007FF6E7CCF77C]\n\t(No symbol) [0x00007FF6E7D22577]\n\t(No symbol) [0x00007FF6E7CF73BF]\n\t(No symbol) [0x00007FF6E7D1F39C]\n\t(No symbol) [0x00007FF6E7CF7153]\n\t(No symbol) [0x00007FF6E7CC0421]\n\t(No symbol) [0x00007FF6E7CC11B3]\n\tGetHandleVerifier [0x00007FF6E81AD6FD+3223453]\n\tGetHandleVerifier [0x00007FF6E81A7CA2+3200322]\n\tGetHandleVerifier [0x00007FF6E81C5AD3+3322739]\n\tGetHandleVerifier [0x00007FF6E7EC69FA+180890]\n\tGetHandleVerifier [0x00007FF6E7ECE0FF+211359]\n\tGetHandleVerifier [0x00007FF6E7EB5274+109332]\n\tGetHandleVerifier [0x00007FF6E7EB5422+109762]\n\tGetHandleVerifier [0x00007FF6E7E9BA39+4825]\n\tBaseThreadInitThunk [0x00007FFA8567E8D7+23]\n\tRtlUserThreadStart [0x00007FFA86D7C5DC+44]\n\n", "trace": "  File \"D:\\Web\\.venv\\Lib\\site-packages\\allure_commons\\_allure.py\", line 202, in impl\n    return func(*a, **kw)\n  File \"D:\\WebTest\\snow\\tests\\test_orguser\\test_upuser.py\", line 11, in find_web_dept\n    element = WebDriverWait(driver, 10).until(\n        EC.element_to_be_clickable((By.XPATH, xpath))\n    )\n  File \"D:\\Web\\.venv\\Lib\\site-packages\\selenium\\webdriver\\support\\wait.py\", line 138, in until\n    raise TimeoutException(message, screen, stacktrace)\n"}, "parameters": [{"name": "driver", "value": "<selenium.webdriver.chrome.webdriver.WebDriver (session=\"588b5c35ee4b5dc2d1230477a6048caf\")>"}, {"name": "dept_name", "value": "'web测试部门-p7368w'"}], "start": 1748936898351, "stop": 1748936908646}], "start": 1748936898351, "stop": 1748936908648}], "start": 1748936898351, "stop": 1748936908648, "uuid": "78ded3b1-cddd-4e8a-b363-35f2d8028c35", "historyId": "284f07595cff93356ac54bd77702fd77", "testCaseId": "284f07595cff93356ac54bd77702fd77", "fullName": "tests.test_orguser.test_upuser#test_upuser", "labels": [{"name": "story", "value": "更新用户状态（部门）"}, {"name": "parentSuite", "value": "tests.test_orguser"}, {"name": "suite", "value": "test_upuser"}, {"name": "host", "value": "DESKTOP-DMNLNRR"}, {"name": "thread", "value": "13220-MainThread"}, {"name": "framework", "value": "pytest"}, {"name": "language", "value": "cpython3"}, {"name": "package", "value": "tests.test_orguser.test_upuser"}]}